<?xml version="1.0" encoding="UTF-8"?>
<!-- Generated by org.testng.reporters.JUnitReportReporter -->
<testsuite hostname="Adityas-MBP.lan" failures="0" tests="1" name="testNGtest.firsttest" time="0.007" errors="0" timestamp="2023-12-12T09:20:44 EST" skipped="0">
  <testcase classname="testNGtest.firsttest" name="helloConsole" time="0.007"/>
</testsuite> <!-- testNGtest.firsttest -->
